<?xml version="1.0" encoding="UTF-8"?>
<!-- Generated by org.testng.reporters.JUnitReportReporter -->
<testsuite hostname="Anuvind" failures="0" tests="2" name="test.SeleniumDemo3.TestCases" time="6.295" errors="0" timestamp="2024-12-22T01:44:51 IST" skipped="0">
  <testcase classname="test.SeleniumDemo3.TestCases" name="test1" time="3.168"/>
  <testcase classname="test.SeleniumDemo3.TestCases" name="test2" time="3.127"/>
</testsuite> <!-- test.SeleniumDemo3.TestCases -->
